[sreesanthramachandran.wordpress.com/index.html]
[backblue.gif]
[fade.gif]
[index.html]
[s1.wp.com/_static/indexba1f.html]
[s1.wp.com/wp-content/themes/pub/varia/print9298.css]
[sreesanthramachandran.wordpress.com/feed/index.html]
[sreesanthramachandran.wordpress.com/comments/feed/index.html]
[s1.wp.com/wp-content/themes/pub/alves/styled80e.css]
[sreesanthramachandran.wordpress.com/xmlrpc0db0.php]
[s2.wp.com/_static/index1b73.html]
[s2.wp.com/i/webclip.png]
[sreesanthramachandran.wordpress.com/osd.xml]
[sreesanthramachandran.files.wordpress.com/2020/12/516089.png]
[alvesstarter.files.wordpress.com/2020/06/aaron-burden-1zr3wnstnvy-unsplash.jpg]
[sreesanthramachandran.files.wordpress.com/2020/12/gfgh.jpg]
[sreesanthramachandran.files.wordpress.com/2020/12/40cee2ae407de99af49bea4ff771bcff.jpg]
[0.gravatar.com/js/gprofiles0568.js]
[s1.wp.com/wp-content/mu-plugins/gravatar-hovercards/wpgrohoc3b6.js]
[s0.wp.com/wp-content/mu-plugins/actionbar/actionbar61ea.css]
[s0.wp.com/wp-content/mu-plugins/actionbar/actionbar61ea.js]
[stats.wp.com/w7f39.js]
[sreesanthramachandran.wordpress.com/wp-content/plugins/ie-sitemode/custom-jumplist.php]
[pixel.wp.com/b0b80.gif]
[sreesanthramachandran.wordpress.com/index.html]
[s1.wp.com/_static/indexba1f.html]
[s1.wp.com/wp-content/themes/pub/varia/print9298.css]
[s1.wp.com/wp-content/themes/pub/alves/styled80e.css]
[s0.wp.com/wp-content/mu-plugins/actionbar/actionbar61ea.css]
